<?xml version="1.0" encoding="UTF-8"?>
<!-- Generated by org.testng.reporters.JUnitReportReporter -->
<testsuite hostname="DESKTOP-BLLELE3" failures="0" tests="2" name="WoodLand.Login" time="10.126" errors="0" timestamp="2022-04-21T12:27:04 IST" skipped="0">
  <testcase classname="WoodLand.Login" name="smokeTesting" time="4.073"/>
  <system-out/>
  <testcase classname="WoodLand.Login" name="Labs" time="6.053"/>
  <system-out/>
</testsuite> <!-- WoodLand.Login -->
